[07:11:30] [User Authenticator #41/INFO]: UUID of player kryptokaz is 8de8c467-99d8-4123-b32f-e5e623db1fd1
[07:11:30] [Server thread/INFO]: kryptokaz joined the game
[07:11:30] [Server thread/INFO]: kryptokaz[/192.168.1.7:57624] logged in with entity id 384674 at ([world]2208.6368928902234, 64.0, 908.2343452072337)
[07:27:15] [Server thread/INFO]: kryptokaz was slain by Iron Golem
[07:29:23] [Server thread/INFO]: kryptokaz was slain by Iron Golem
[07:30:05] [Server thread/INFO]: kryptokaz was slain by Iron Golem
[07:32:47] [User Authenticator #42/INFO]: UUID of player Sweaty_Boye is e020019e-adb9-4838-9daa-d43b41dbdf5a
[07:32:47] [Server thread/INFO]: Sweaty_Boye joined the game
[07:32:47] [Server thread/INFO]: Sweaty_Boye[/124.180.88.110:53227] logged in with entity id 388532 at ([world]2154.9819518589957, 66.0, 895.4623519159868)
[07:33:07] [Async Chat Thread - #13/INFO]: <Sweaty_Boye> kazz
[07:33:12] [Async Chat Thread - #13/INFO]: <Sweaty_Boye> replant the crops
[07:40:54] [Async Chat Thread - #14/INFO]: <kryptokaz> nig
[07:40:57] [Async Chat Thread - #14/INFO]: <Sweaty_Boye> nig
[07:40:59] [Async Chat Thread - #14/INFO]: <kryptokaz> go to sleep
[07:41:08] [Async Chat Thread - #14/INFO]: <Sweaty_Boye> i just was
[07:41:18] [Async Chat Thread - #14/INFO]: <kryptokaz> i'm gonna get some pumpkins
[07:41:23] [Async Chat Thread - #14/INFO]: <Sweaty_Boye> we have them
[07:41:41] [Async Chat Thread - #14/INFO]: <kryptokaz> we need more seeds though
[07:41:56] [Async Chat Thread - #14/INFO]: <Sweaty_Boye> if you hit the pumpkin blocks with shears they give seeds
[07:42:02] [Async Chat Thread - #14/INFO]: <kryptokaz> oh rip
[07:42:12] [Async Chat Thread - #14/INFO]: <kryptokaz> i just been using crafting table
[07:42:28] [Async Chat Thread - #14/INFO]: <kryptokaz> how you get here
[07:42:31] [Async Chat Thread - #14/INFO]: <kryptokaz> hacks?
[07:43:04] [Async Chat Thread - #14/INFO]: <kryptokaz> damn
[07:43:17] [Async Chat Thread - #14/INFO]: <kryptokaz> you got these things everywhere
[07:43:54] [Async Chat Thread - #14/INFO]: <kryptokaz> you need 4 dark oak apparently
[07:44:08] [Async Chat Thread - #14/INFO]: <kryptokaz> to grow a tree
[07:44:21] [Async Chat Thread - #14/INFO]: <kryptokaz> zombie farm?
[07:44:25] [Async Chat Thread - #14/INFO]: <Sweaty_Boye> rip
[07:44:25] [Async Chat Thread - #14/INFO]: <kryptokaz> very nice
[07:44:34] [Async Chat Thread - #14/INFO]: <Sweaty_Boye> go out and find a dark oak biome
[07:44:36] [Async Chat Thread - #14/INFO]: <kryptokaz> i think i know where to go
[07:44:40] [Async Chat Thread - #14/INFO]: <kryptokaz> yeah
[07:44:54] [Async Chat Thread - #14/INFO]: <kryptokaz> near the mushrooms
[07:45:01] [Async Chat Thread - #14/INFO]: <kryptokaz> past the rogue pumpkins
[07:45:04] [Async Chat Thread - #14/INFO]: <Sweaty_Boye> sure
[07:58:53] [Async Chat Thread - #15/INFO]: <kryptokaz> found dark oak trees
[07:59:11] [Async Chat Thread - #15/INFO]: <kryptokaz> is there a better way to harvest giant mushrooms?
[07:59:34] [Async Chat Thread - #15/INFO]: <Sweaty_Boye> you cant really harvest them
[07:59:46] [Async Chat Thread - #15/INFO]: <Sweaty_Boye> you need to grow a small mushroom on mycelium
[08:00:11] [Async Chat Thread - #15/INFO]: <kryptokaz> rip
[08:09:49] [Async Chat Thread - #16/INFO]: <kryptokaz> i got heaps of dark oak + saplings
[08:09:54] [Async Chat Thread - #16/INFO]: <Sweaty_Boye> noce
[08:10:07] [Async Chat Thread - #16/INFO]: <kryptokaz> but idk the way back lol
[08:12:59] [Async Chat Thread - #17/INFO]: <Sweaty_Boye> can you zzz?
[08:13:03] [Async Chat Thread - #17/INFO]: <kryptokaz> gimme yo coordinates
[08:13:16] [Async Chat Thread - #17/INFO]: <Sweaty_Boye> x 2130
[08:13:23] [Async Chat Thread - #17/INFO]: <Sweaty_Boye> z 971
[08:13:58] [Server thread/INFO]: kryptokaz lost connection: Disconnected
[08:13:59] [Server thread/INFO]: kryptokaz left the game
[08:14:13] [User Authenticator #43/INFO]: UUID of player Snig_9982 is f11af109-478f-4ac4-8bbf-d911cf4bd3eb
[08:14:13] [Server thread/INFO]: Snig_9982 joined the game
[08:14:13] [Server thread/INFO]: Snig_9982[/58.161.67.213:56249] logged in with entity id 403814 at ([world]2266.3850068891334, 91.0625, 915.982524392994)
[08:14:25] [User Authenticator #43/INFO]: UUID of player kryptokaz is 8de8c467-99d8-4123-b32f-e5e623db1fd1
[08:14:25] [Server thread/INFO]: kryptokaz joined the game
[08:14:25] [Server thread/INFO]: kryptokaz[/192.168.1.7:34494] logged in with entity id 403939 at ([world]2574.433250638129, 68.0, 1036.4675425949315)
[08:14:36] [Async Chat Thread - #18/INFO]: <Sweaty_Boye> wow the gangs all her
[08:14:41] [Async Chat Thread - #18/INFO]: <Snig_9982> wot uo
[08:14:48] [Async Chat Thread - #18/INFO]: <kryptokaz> nah fam
[08:14:51] [Async Chat Thread - #18/INFO]: <kryptokaz> no gdog
[08:14:55] [Async Chat Thread - #18/INFO]: <Snig_9982> rip
[08:15:06] [Async Chat Thread - #18/INFO]: <kryptokaz> JK he sucking me off rn
[08:15:15] [Async Chat Thread - #18/INFO]: <Snig_9982> yiffin
[08:15:34] [Async Chat Thread - #18/INFO]: <kryptokaz> we be yiffin n shieeeeet
[08:15:47] [Async Chat Thread - #18/INFO]: <Snig_9982> what is this? the kazz mauseleoum?
[08:15:55] [Async Chat Thread - #18/INFO]: <kryptokaz> no
[08:16:05] [Async Chat Thread - #18/INFO]: <kryptokaz> that's just the base
[08:17:01] [Async Chat Thread - #18/INFO]: <Snig_9982> all the iron golems at sweaty boye's base
[08:17:10] [Async Chat Thread - #18/INFO]: <Snig_9982> this nigga is really important
[08:17:11] [Async Chat Thread - #18/INFO]: <kryptokaz> yeah idk
[08:17:14] [Server thread/INFO]: kryptokaz issued server command: /
[08:17:21] [Async Chat Thread - #18/INFO]: <kryptokaz> I've killed at least 4 of them
[08:18:28] [Async Chat Thread - #19/INFO]: <Snig_9982> lmao there's even more on the top of the mountain
[08:18:37] [Async Chat Thread - #19/INFO]: <kryptokaz> IKR
[08:18:39] [Async Chat Thread - #19/INFO]: <Sweaty_Boye> kill them all
[08:18:52] [Async Chat Thread - #19/INFO]: <kryptokaz> too hard i only have unenchanted iron
[08:20:14] [Async Chat Thread - #20/INFO]: <Sweaty_Boye> we have fortune now gents
[08:20:32] [Async Chat Thread - #20/INFO]: <Snig_9982> praise him
[08:21:33] [Async Chat Thread - #21/INFO]: <Snig_9982> why do they have the weird outline?
[08:23:29] [Server thread/WARN]: Curtis Lemay (vehicle of Sweaty_Boye) moved wrongly! 0.2593305517721092
[08:23:29] [Server thread/WARN]: Curtis Lemay (vehicle of Sweaty_Boye) moved wrongly! 0.7997001195740268
[08:23:32] [Server thread/WARN]: Curtis Lemay (vehicle of Sweaty_Boye) moved wrongly! 0.4173669115798475
[08:23:32] [Server thread/WARN]: Curtis Lemay (vehicle of Sweaty_Boye) moved wrongly! 0.9584650048122967
[08:23:33] [Server thread/WARN]: Curtis Lemay (vehicle of Sweaty_Boye) moved wrongly! 0.294821269460499
[08:23:33] [Server thread/WARN]: Curtis Lemay (vehicle of Sweaty_Boye) moved wrongly! 0.3535801807233838
[08:23:33] [Server thread/WARN]: Curtis Lemay (vehicle of Sweaty_Boye) moved wrongly! 0.3536117632834248
[08:23:34] [Server thread/WARN]: Curtis Lemay (vehicle of Sweaty_Boye) moved wrongly! 0.9123826091731644
[08:23:34] [Server thread/WARN]: Curtis Lemay (vehicle of Sweaty_Boye) moved wrongly! 0.3814338239749304
[08:23:34] [Server thread/WARN]: Curtis Lemay (vehicle of Sweaty_Boye) moved wrongly! 0.9394478157819321
[08:23:42] [Server thread/WARN]: Curtis Lemay (vehicle of Sweaty_Boye) moved wrongly! 0.3439901328434871
[08:23:42] [Server thread/WARN]: Curtis Lemay (vehicle of Sweaty_Boye) moved wrongly! 0.8879472312979715
[08:23:43] [Server thread/WARN]: Curtis Lemay (vehicle of Sweaty_Boye) moved wrongly! 0.4657885466649532
[08:23:43] [Server thread/WARN]: Curtis Lemay (vehicle of Sweaty_Boye) moved wrongly! 1.005589472133579
[08:23:43] [Server thread/WARN]: Curtis Lemay (vehicle of Sweaty_Boye) moved wrongly! 0.37614098150561404
[08:23:43] [Server thread/WARN]: Curtis Lemay (vehicle of Sweaty_Boye) moved wrongly! 0.9337996266017399
[08:23:45] [Server thread/WARN]: Curtis Lemay (vehicle of Sweaty_Boye) moved wrongly! 0.4691352240802189
[08:23:56] [Async Chat Thread - #22/INFO]: <Sweaty_Boye> where are you wuke?
[08:24:03] [Async Chat Thread - #22/INFO]: <Snig_9982> at base
[08:24:09] [Server thread/WARN]: Curtis Lemay (vehicle of Sweaty_Boye) moved wrongly! 0.3327936073674209
[08:24:09] [Server thread/WARN]: Curtis Lemay (vehicle of Sweaty_Boye) moved wrongly! 0.849480785981541
[08:25:42] [Async Chat Thread - #23/INFO]: <Snig_9982> who touched the jingeri tree?
[08:26:02] [Async Chat Thread - #23/INFO]: <Sweaty_Boye> kazz?
[08:26:09] [Async Chat Thread - #23/INFO]: <kryptokaz> lol
[08:26:21] [Async Chat Thread - #23/INFO]: <Snig_9982> also cutting trees down but leaving some wood
[08:26:26] [Async Chat Thread - #23/INFO]: <Sweaty_Boye> kazz next time i see you im killing you and burning your shit
[08:26:33] [Async Chat Thread - #23/INFO]: <Sweaty_Boye> no joke
[08:26:43] [Async Chat Thread - #23/INFO]: <kryptokaz> classic gas lighting
[08:26:56] [Async Chat Thread - #23/INFO]: <Sweaty_Boye> call it whatever you want this is whats gonna happen
[08:27:05] [Async Chat Thread - #23/INFO]: <Sweaty_Boye> so hide your valuable stuff because i will kill you
[08:27:30] [Async Chat Thread - #23/INFO]: <kryptokaz> i dindu nofin
[08:27:53] [Server thread/WARN]: Curtis Lemay (vehicle of Sweaty_Boye) moved wrongly! 0.5290138385630598
[08:27:53] [Server thread/WARN]: Curtis Lemay (vehicle of Sweaty_Boye) moved wrongly! 1.0825197308599854
[08:27:55] [Server thread/WARN]: Curtis Lemay (vehicle of Sweaty_Boye) moved wrongly! 0.26189846455599763
[08:27:55] [Server thread/WARN]: Curtis Lemay (vehicle of Sweaty_Boye) moved wrongly! 0.8159795473288796
[08:27:55] [Server thread/WARN]: Curtis Lemay (vehicle of Sweaty_Boye) moved wrongly! 0.25861854378217686
[08:27:55] [Server thread/WARN]: Curtis Lemay (vehicle of Sweaty_Boye) moved wrongly! 0.6558523381959276
[08:27:57] [Server thread/WARN]: Curtis Lemay (vehicle of Sweaty_Boye) moved wrongly! 0.4487541324324411
[08:27:57] [Server thread/WARN]: Curtis Lemay (vehicle of Sweaty_Boye) moved wrongly! 0.4958486570490095
[08:27:57] [Server thread/WARN]: Curtis Lemay (vehicle of Sweaty_Boye) moved wrongly! 0.489584348345943
[08:27:57] [Server thread/WARN]: Curtis Lemay (vehicle of Sweaty_Boye) moved wrongly! 0.5443625684756626
[08:27:57] [Server thread/WARN]: Curtis Lemay (vehicle of Sweaty_Boye) moved wrongly! 0.47333299102865567
[08:27:57] [Server thread/WARN]: Curtis Lemay (vehicle of Sweaty_Boye) moved wrongly! 0.8651817003787983
[08:28:12] [Server thread/INFO]: kryptokaz was slain by Sweaty_Boye
[08:28:15] [Async Chat Thread - #23/INFO]: <Snig_9982> lol
[08:28:16] [Async Chat Thread - #23/INFO]: <kryptokaz> WTF
[08:28:25] [Server thread/INFO]: kryptokaz issued server command: /kick
[08:28:34] [Server thread/INFO]: kryptokaz issued server command: /kick
[08:28:35] [Async Chat Thread - #23/INFO]: <Snig_9982> wasn't a war crime
[08:28:41] [Server thread/INFO]: kryptokaz issued server command: /kick Sweaty_Boye
[08:28:41] [Server thread/INFO]: Sweaty_Boye lost connection: Kicked by an operator
[08:28:41] [Server thread/INFO]: Sweaty_Boye left the game
[08:28:41] [Server thread/INFO]: [kryptokaz: Kicked Sweaty_Boye: Kicked by an operator]
[08:28:45] [Async Chat Thread - #23/INFO]: <Snig_9982> kazz committed a war crime by defiling a sacred site
[08:29:04] [Async Chat Thread - #23/INFO]: <Snig_9982> where's ur shiz kazz?
[08:29:08] [User Authenticator #44/INFO]: UUID of player Sweaty_Boye is e020019e-adb9-4838-9daa-d43b41dbdf5a
[08:29:08] [Server thread/INFO]: Sweaty_Boye joined the game
[08:29:08] [Server thread/INFO]: Sweaty_Boye[/124.180.88.110:62571] logged in with entity id 408184 at ([world]2203.097086200098, 64.0, 897.2720033717605)
[08:29:18] [Async Chat Thread - #23/INFO]: <Sweaty_Boye> power corrupts
[08:29:24] [Async Chat Thread - #23/INFO]: <kryptokaz> i can ban if you want
[08:29:28] [Async Chat Thread - #23/INFO]: <Snig_9982> give him his shiz back
[08:29:34] [Async Chat Thread - #23/INFO]: <Sweaty_Boye> its there
[08:29:35] [Async Chat Thread - #23/INFO]: <Snig_9982> he learnt his lesson
[08:29:46] [Async Chat Thread - #23/INFO]: <kryptokaz> literally did nothing
[08:29:54] [Async Chat Thread - #23/INFO]: <Sweaty_Boye> bruv touched jingeri tree
[08:29:57] [Async Chat Thread - #23/INFO]: <Snig_9982> the jingeri tree
[08:30:12] [Async Chat Thread - #23/INFO]: <kryptokaz> Its just bark it grow back
[08:30:42] [Async Chat Thread - #23/INFO]: <Sweaty_Boye> no it doesnt
[08:30:46] [Async Chat Thread - #23/INFO]: <Sweaty_Boye> its like that
[08:31:00] [Async Chat Thread - #23/INFO]: <kryptokaz> it looks better
[08:31:01] [Async Chat Thread - #23/INFO]: <Sweaty_Boye> white oppression will not stand
[08:31:24] [Server thread/WARN]: Curtis Lemay (vehicle of Sweaty_Boye) moved wrongly! 0.5039725850683681
[08:32:05] [Server thread/INFO]: kryptokaz issued server command: /give item minecraft:iron_pickaxe
[08:32:37] [Server thread/INFO]: kryptokaz issued server command: /give kryptokaz minecraft:iron_ingot 20
[08:32:37] [Server thread/INFO]: [kryptokaz: Gave 20 [Iron Ingot] to kryptokaz]
[08:32:58] [Async Chat Thread - #24/INFO]: <Snig_9982> building a church
[08:33:04] [Async Chat Thread - #24/INFO]: <Snig_9982> church of jingeri
[08:36:36] [Server thread/WARN]: Curtis Lemay (vehicle of Sweaty_Boye) moved wrongly! 0.4945017536324485
[08:36:36] [Server thread/WARN]: Curtis Lemay (vehicle of Sweaty_Boye) moved wrongly! 1.0380998875998557
[08:37:15] [Server thread/WARN]: Curtis Lemay (vehicle of Sweaty_Boye) moved wrongly! 0.3417147518098318
[08:37:15] [Server thread/WARN]: Curtis Lemay (vehicle of Sweaty_Boye) moved wrongly! 0.4002405224659924
[08:37:15] [Server thread/WARN]: Curtis Lemay (vehicle of Sweaty_Boye) moved wrongly! 0.45166196050649887
[08:37:15] [Server thread/WARN]: Curtis Lemay (vehicle of Sweaty_Boye) moved wrongly! 0.4634841643510299
[08:37:15] [Server thread/WARN]: Curtis Lemay (vehicle of Sweaty_Boye) moved wrongly! 0.261195267848052
[08:37:15] [Server thread/WARN]: Curtis Lemay (vehicle of Sweaty_Boye) moved wrongly! 0.4205730564908663
[08:37:16] [Server thread/WARN]: Curtis Lemay (vehicle of Sweaty_Boye) moved wrongly! 0.294951924763609
[08:37:16] [Server thread/WARN]: Curtis Lemay (vehicle of Sweaty_Boye) moved wrongly! 0.8381086188360314
[08:37:16] [Server thread/WARN]: Curtis Lemay (vehicle of Sweaty_Boye) moved wrongly! 0.5030473042816084
[08:38:04] [Async Chat Thread - #25/INFO]: <kryptokaz> We got jungle tree?
[08:38:10] [Async Chat Thread - #25/INFO]: <Sweaty_Boye> luke does
[08:38:16] [Async Chat Thread - #25/INFO]: <Snig_9982> only have 1
[08:38:26] [Async Chat Thread - #25/INFO]: <kryptokaz> RIP
[08:38:47] [Async Chat Thread - #25/INFO]: <kryptokaz> is it better i use a different tree?
[08:38:59] [Server thread/WARN]: Curtis Lemay (vehicle of Sweaty_Boye) moved wrongly! 0.39648536147433333
[08:38:59] [Server thread/WARN]: Curtis Lemay (vehicle of Sweaty_Boye) moved wrongly! 0.9551202817133344
[08:39:24] [Async Chat Thread - #25/INFO]: <kryptokaz> want dark oak sapling?
[08:39:25] [Server thread/INFO]: kryptokaz issued server command: /
[08:39:30] [Async Chat Thread - #25/INFO]: <Snig_9982> sure
[08:39:37] [Async Chat Thread - #25/INFO]: <kryptokaz> you need to grow 4 with bone meal
[08:40:00] [Async Chat Thread - #25/INFO]: <kryptokaz> I DID have some
[08:40:14] [Async Chat Thread - #25/INFO]: <kryptokaz> maybe in my chest lol
[08:40:27] [Async Chat Thread - #25/INFO]: <Sweaty_Boye> everything you dropped i put in the chest
[08:40:37] [Async Chat Thread - #25/INFO]: <Sweaty_Boye> jingeri jingero
[08:40:41] [Async Chat Thread - #25/INFO]: <kryptokaz> no the other chest lol
[08:40:57] [Async Chat Thread - #25/INFO]: <Sweaty_Boye> lol
[08:41:28] [Async Chat Thread - #25/INFO]: <kryptokaz> got killed because i'm autistic and don't understand social queues kek
[08:42:06] [Async Chat Thread - #25/INFO]: <kryptokaz> i sent a router to a customer for free because i gave up explaining wifi rip
[08:42:13] [Async Chat Thread - #25/INFO]: <Sweaty_Boye> get customer
[08:42:21] [Async Chat Thread - #25/INFO]: <Snig_9982> fuck we got a ukraine flag
[08:42:25] [Async Chat Thread - #25/INFO]: <kryptokaz> BASED
[08:43:11] [Server thread/INFO]: kryptokaz issued server command: /give kryptokaz minecraft:dark_oak_sapling 10
[08:43:11] [Server thread/INFO]: [kryptokaz: Gave 10 [Dark Oak Sapling] to kryptokaz]
[08:49:44] [Server thread/INFO]: Sweaty_Boye lost connection: Disconnected
[08:49:44] [Server thread/INFO]: Sweaty_Boye left the game
[09:11:21] [Server thread/INFO]: kryptokaz issued server command: /give kryptokaz minecraft:jungle_trapdoor
[09:11:21] [Server thread/INFO]: [kryptokaz: Gave 1 [Jungle Trapdoor] to kryptokaz]
[09:11:28] [Server thread/INFO]: kryptokaz issued server command: /give kryptokaz minecraft:jungle_trapdoor 6
[09:11:28] [Server thread/INFO]: [kryptokaz: Gave 6 [Jungle Trapdoor] to kryptokaz]
[09:16:24] [Server thread/INFO]: Snig_9982 lost connection: Disconnected
[09:16:24] [Server thread/INFO]: Snig_9982 left the game
[09:26:18] [User Authenticator #45/INFO]: UUID of player Sweaty_Boye is e020019e-adb9-4838-9daa-d43b41dbdf5a
[09:26:19] [Server thread/INFO]: Sweaty_Boye joined the game
[09:26:19] [Server thread/INFO]: Sweaty_Boye[/124.180.88.110:51989] logged in with entity id 416743 at ([world]2148.531579306504, 91.0, 902.897079165057)
[09:27:28] [Server thread/INFO]: kryptokaz lost connection: Disconnected
[09:27:28] [Server thread/INFO]: kryptokaz left the game
[09:28:03] [User Authenticator #46/INFO]: UUID of player kryptokaz is 8de8c467-99d8-4123-b32f-e5e623db1fd1
[09:28:03] [Server thread/INFO]: kryptokaz joined the game
[09:28:03] [Server thread/INFO]: kryptokaz[/192.168.1.7:34534] logged in with entity id 417055 at ([world]2205.0466412159767, 64.5, 898.4268974046844)
[09:28:34] [Async Chat Thread - #26/INFO]: <kryptokaz> you like my house?
[09:28:38] [Async Chat Thread - #26/INFO]: <Sweaty_Boye> very oriental
[09:29:45] [Server thread/INFO]: Sweaty_Boye has made the advancement [Those Were the Days]
[09:29:46] [Async Chat Thread - #27/INFO]: <kryptokaz> wanted something different
[09:30:07] [Async Chat Thread - #27/INFO]: <kryptokaz> maybe i'll do Russian next
[09:30:20] [Async Chat Thread - #27/INFO]: <kryptokaz> or Turkish
[09:30:46] [Server thread/INFO]: kryptokaz lost connection: Disconnected
[09:30:46] [Server thread/INFO]: kryptokaz left the game
[09:31:42] [User Authenticator #47/INFO]: UUID of player kryptokaz is 8de8c467-99d8-4123-b32f-e5e623db1fd1
[09:31:42] [Server thread/INFO]: kryptokaz joined the game
[09:31:42] [Server thread/INFO]: kryptokaz[/192.168.1.7:56364] logged in with entity id 418067 at ([world]2201.1002443703906, 64.0, 903.3435635114214)
[09:32:07] [Async Chat Thread - #28/INFO]: <kryptokaz> sorry i stripped you tree bby <3
[09:32:17] [Async Chat Thread - #28/INFO]: <Sweaty_Boye> sorry i killed you bby xox
[09:32:28] [Async Chat Thread - #28/INFO]: <Sweaty_Boye> gotta deliver the black justice
[09:32:30] [Async Chat Thread - #28/INFO]: <kryptokaz> We both crazy XD
[09:32:45] [Async Chat Thread - #28/INFO]: <kryptokaz> typical irish nigger behavior
[09:33:11] [Async Chat Thread - #28/INFO]: <kryptokaz> White then sand but act exactly like a nig
[09:34:48] [Server thread/INFO]: Sweaty_Boye has made the advancement [War Pigs]
[09:38:03] [Server thread/INFO]: Sweaty_Boye has made the advancement [Hidden in the Depths]
[09:38:26] [Async Chat Thread - #29/INFO]: <kryptokaz> where to find diamonds
[09:39:14] [Async Chat Thread - #29/INFO]: <Sweaty_Boye> near bedrock
[09:46:54] [Server thread/INFO]: Sweaty_Boye was slain by Piglin Brute
[09:48:57] [Server thread/INFO]: Sweaty_Boye was slain by Piglin Brute
[09:49:06] [Async Chat Thread - #30/INFO]: <kryptokaz> rip
[09:49:13] [Async Chat Thread - #30/INFO]: <Sweaty_Boye> there goes me stuff lol
[09:49:28] [Server thread/INFO]: Sweaty_Boye lost connection: Disconnected
[09:49:29] [Server thread/INFO]: Sweaty_Boye left the game
[10:06:27] [Server thread/INFO]: kryptokaz was slain by Phantom
[10:16:46] [Server thread/INFO]: kryptokaz lost connection: Disconnected
[10:16:46] [Server thread/INFO]: kryptokaz left the game
